# JRE version: OpenJDK Runtime Environment Temurin-21.0.8+9 (21.0.8+9) (build 21.0.8+9-LTS)
# Java VM: OpenJDK 64-Bit Server VM Temurin-21.0.8+9 (21.0.8+9-LTS, mixed mode, sharing, tiered, compressed oops, compressed class ptrs, parallel gc, windows-amd64)
GC Precious Log:
 CardTable entry size: 512
 CPUs: 16 total, 16 available
 Memory: 15722M
 Large Page Support: Disabled
 NUMA Support: Disabled
 Compressed Oops: Enabled (32-bit)
 Alignments: Space 512K, Generation 512K, Heap 2M
 Heap Min Capacity: 100M
 Heap Initial Capacity: 100M
 Heap Max Capacity: 2G
 Pre-touch: Disabled
 Parallel Workers: 13
Heap:
 PSYoungGen      total 6656K, used 4713K [0x00000000d5580000, 0x00000000d5f80000, 0x0000000100000000)
  eden space 5120K, 63% used [0x00000000d5580000,0x00000000d58a8b80,0x00000000d5a80000)
  from space 1536K, 96% used [0x00000000d5a80000,0x00000000d5bf1990,0x00000000d5c00000)
  to   space 2048K, 0% used [0x00000000d5d80000,0x00000000d5d80000,0x00000000d5f80000)
 ParOldGen       total 269824K, used 269619K [0x0000000080000000, 0x0000000090780000, 0x00000000d5580000)
  object space 269824K, 99% used [0x0000000080000000,0x000000009074cc68,0x0000000090780000)
 Metaspace       used 61035K, committed 62592K, reserved 1114112K
  class space    used 6430K, committed 7168K, reserved 1048576K
GC Heap History (20 events):
Event: 20.046 GC heap after
{Heap after GC invocations=230 (full 3):
 PSYoungGen      total 5632K, used 1018K [0x00000000d5580000, 0x00000000d5e00000, 0x0000000100000000)
  eden space 4608K, 0% used [0x00000000d5580000,0x00000000d5580000,0x00000000d5a00000)
  from space 1024K, 99% used [0x00000000d5a80000,0x00000000d5b7eb70,0x00000000d5b80000)
  to   space 2048K, 0% used [0x00000000d5c00000,0x00000000d5c00000,0x00000000d5e00000)
 ParOldGen       total 258048K, used 257644K [0x0000000080000000, 0x000000008fc00000, 0x00000000d5580000)
  object space 258048K, 99% used [0x0000000080000000,0x000000008fb9b0b0,0x000000008fc00000)
 Metaspace       used 60663K, committed 62208K, reserved 1114112K
  class space    used 6384K, committed 7104K, reserved 1048576K
}
Event: 20.071 GC heap before
{Heap before GC invocations=231 (full 3):
 PSYoungGen      total 5632K, used 5626K [0x00000000d5580000, 0x00000000d5e00000, 0x0000000100000000)
  eden space 4608K, 100% used [0x00000000d5580000,0x00000000d5a00000,0x00000000d5a00000)
  from space 1024K, 99% used [0x00000000d5a80000,0x00000000d5b7eb70,0x00000000d5b80000)
  to   space 2048K, 0% used [0x00000000d5c00000,0x00000000d5c00000,0x00000000d5e00000)
 ParOldGen       total 258048K, used 257644K [0x0000000080000000, 0x000000008fc00000, 0x00000000d5580000)
  object space 258048K, 99% used [0x0000000080000000,0x000000008fb9b0b0,0x000000008fc00000)
 Metaspace       used 60678K, committed 62208K, reserved 1114112K
  class space    used 6387K, committed 7104K, reserved 1048576K
}
Event: 20.074 GC heap after
{Heap after GC invocations=231 (full 3):
 PSYoungGen      total 6144K, used 1212K [0x00000000d5580000, 0x00000000d5d80000, 0x0000000100000000)
  eden space 4608K, 0% used [0x00000000d5580000,0x00000000d5580000,0x00000000d5a00000)
  from space 1536K, 78% used [0x00000000d5c00000,0x00000000d5d2f148,0x00000000d5d80000)
  to   space 1536K, 0% used [0x00000000d5a80000,0x00000000d5a80000,0x00000000d5c00000)
 ParOldGen       total 258560K, used 258550K [0x0000000080000000, 0x000000008fc80000, 0x00000000d5580000)
  object space 258560K, 99% used [0x0000000080000000,0x000000008fc7da08,0x000000008fc80000)
 Metaspace       used 60678K, committed 62208K, reserved 1114112K
  class space    used 6387K, committed 7104K, reserved 1048576K
}
Event: 20.106 GC heap before
{Heap before GC invocations=232 (full 3):
 PSYoungGen      total 6144K, used 5820K [0x00000000d5580000, 0x00000000d5d80000, 0x0000000100000000)
  eden space 4608K, 100% used [0x00000000d5580000,0x00000000d5a00000,0x00000000d5a00000)
  from space 1536K, 78% used [0x00000000d5c00000,0x00000000d5d2f148,0x00000000d5d80000)
  to   space 1536K, 0% used [0x00000000d5a80000,0x00000000d5a80000,0x00000000d5c00000)
 ParOldGen       total 258560K, used 258550K [0x0000000080000000, 0x000000008fc80000, 0x00000000d5580000)
  object space 258560K, 99% used [0x0000000080000000,0x000000008fc7da08,0x000000008fc80000)
 Metaspace       used 60688K, committed 62208K, reserved 1114112K
  class space    used 6387K, committed 7104K, reserved 1048576K
}
Event: 20.108 GC heap after
{Heap after GC invocations=232 (full 3):
 PSYoungGen      total 6144K, used 1302K [0x00000000d5580000, 0x00000000d5d00000, 0x0000000100000000)
  eden space 4608K, 0% used [0x00000000d5580000,0x00000000d5580000,0x00000000d5a00000)
  from space 1536K, 84% used [0x00000000d5a80000,0x00000000d5bc5980,0x00000000d5c00000)
  to   space 1024K, 0% used [0x00000000d5c00000,0x00000000d5c00000,0x00000000d5d00000)
 ParOldGen       total 260096K, used 259625K [0x0000000080000000, 0x000000008fe00000, 0x00000000d5580000)
  object space 260096K, 99% used [0x0000000080000000,0x000000008fd8a5b0,0x000000008fe00000)
 Metaspace       used 60688K, committed 62208K, reserved 1114112K
  class space    used 6387K, committed 7104K, reserved 1048576K
}
Event: 20.146 GC heap before
{Heap before GC invocations=233 (full 3):
 PSYoungGen      total 6144K, used 5910K [0x00000000d5580000, 0x00000000d5d00000, 0x0000000100000000)
  eden space 4608K, 100% used [0x00000000d5580000,0x00000000d5a00000,0x00000000d5a00000)
  from space 1536K, 84% used [0x00000000d5a80000,0x00000000d5bc5980,0x00000000d5c00000)
  to   space 1024K, 0% used [0x00000000d5c00000,0x00000000d5c00000,0x00000000d5d00000)
 ParOldGen       total 260096K, used 259625K [0x0000000080000000, 0x000000008fe00000, 0x00000000d5580000)
  object space 260096K, 99% used [0x0000000080000000,0x000000008fd8a5b0,0x000000008fe00000)
 Metaspace       used 60709K, committed 62272K, reserved 1114112K
  class space    used 6393K, committed 7104K, reserved 1048576K
}
Event: 20.151 GC heap after
{Heap after GC invocations=233 (full 3):
 PSYoungGen      total 5120K, used 1017K [0x00000000d5580000, 0x00000000d5f00000, 0x0000000100000000)
  eden space 4096K, 0% used [0x00000000d5580000,0x00000000d5580000,0x00000000d5980000)
  from space 1024K, 99% used [0x00000000d5c00000,0x00000000d5cfe6a8,0x00000000d5d00000)
  to   space 2560K, 0% used [0x00000000d5980000,0x00000000d5980000,0x00000000d5c00000)
 ParOldGen       total 261120K, used 260773K [0x0000000080000000, 0x000000008ff00000, 0x00000000d5580000)
  object space 261120K, 99% used [0x0000000080000000,0x000000008fea9700,0x000000008ff00000)
 Metaspace       used 60709K, committed 62272K, reserved 1114112K
  class space    used 6393K, committed 7104K, reserved 1048576K
}
Event: 20.180 GC heap before
{Heap before GC invocations=234 (full 3):
 PSYoungGen      total 5120K, used 5113K [0x00000000d5580000, 0x00000000d5f00000, 0x0000000100000000)
  eden space 4096K, 99% used [0x00000000d5580000,0x00000000d597ffe0,0x00000000d5980000)
  from space 1024K, 99% used [0x00000000d5c00000,0x00000000d5cfe6a8,0x00000000d5d00000)
  to   space 2560K, 0% used [0x00000000d5980000,0x00000000d5980000,0x00000000d5c00000)
 ParOldGen       total 261120K, used 260773K [0x0000000080000000, 0x000000008ff00000, 0x00000000d5580000)
  object space 261120K, 99% used [0x0000000080000000,0x000000008fea9700,0x000000008ff00000)
 Metaspace       used 60804K, committed 62336K, reserved 1114112K
  class space    used 6403K, committed 7104K, reserved 1048576K
}
Event: 20.185 GC heap after
{Heap after GC invocations=234 (full 3):
 PSYoungGen      total 5632K, used 1283K [0x00000000d5580000, 0x00000000d5d80000, 0x0000000100000000)
  eden space 4096K, 0% used [0x00000000d5580000,0x00000000d5580000,0x00000000d5980000)
  from space 1536K, 83% used [0x00000000d5980000,0x00000000d5ac0d90,0x00000000d5b00000)
  to   space 2048K, 0% used [0x00000000d5b80000,0x00000000d5b80000,0x00000000d5d80000)
 ParOldGen       total 262144K, used 261740K [0x0000000080000000, 0x0000000090000000, 0x00000000d5580000)
  object space 262144K, 99% used [0x0000000080000000,0x000000008ff9b120,0x0000000090000000)
 Metaspace       used 60804K, committed 62336K, reserved 1114112K
  class space    used 6403K, committed 7104K, reserved 1048576K
}
Event: 20.206 GC heap before
{Heap before GC invocations=235 (full 3):
 PSYoungGen      total 5632K, used 5379K [0x00000000d5580000, 0x00000000d5d80000, 0x0000000100000000)
  eden space 4096K, 100% used [0x00000000d5580000,0x00000000d5980000,0x00000000d5980000)
  from space 1536K, 83% used [0x00000000d5980000,0x00000000d5ac0d90,0x00000000d5b00000)
  to   space 2048K, 0% used [0x00000000d5b80000,0x00000000d5b80000,0x00000000d5d80000)
 ParOldGen       total 262144K, used 261740K [0x0000000080000000, 0x0000000090000000, 0x00000000d5580000)
  object space 262144K, 99% used [0x0000000080000000,0x000000008ff9b120,0x0000000090000000)
 Metaspace       used 60886K, committed 62400K, reserved 1114112K
  class space    used 6409K, committed 7104K, reserved 1048576K
}
Event: 20.213 GC heap after
{Heap after GC invocations=235 (full 3):
 PSYoungGen      total 5632K, used 1253K [0x00000000d5580000, 0x00000000d5d00000, 0x0000000100000000)
  eden space 4096K, 0% used [0x00000000d5580000,0x00000000d5580000,0x00000000d5980000)
  from space 1536K, 81% used [0x00000000d5b80000,0x00000000d5cb9700,0x00000000d5d00000)
  to   space 1536K, 0% used [0x00000000d5980000,0x00000000d5980000,0x00000000d5b00000)
 ParOldGen       total 263168K, used 262870K [0x0000000080000000, 0x0000000090100000, 0x00000000d5580000)
  object space 263168K, 99% used [0x0000000080000000,0x00000000900b5808,0x0000000090100000)
 Metaspace       used 60886K, committed 62400K, reserved 1114112K
  class space    used 6409K, committed 7104K, reserved 1048576K
}
Event: 20.234 GC heap before
{Heap before GC invocations=236 (full 3):
 PSYoungGen      total 5632K, used 5349K [0x00000000d5580000, 0x00000000d5d00000, 0x0000000100000000)
  eden space 4096K, 100% used [0x00000000d5580000,0x00000000d5980000,0x00000000d5980000)
  from space 1536K, 81% used [0x00000000d5b80000,0x00000000d5cb9700,0x00000000d5d00000)
  to   space 1536K, 0% used [0x00000000d5980000,0x00000000d5980000,0x00000000d5b00000)
 ParOldGen       total 263168K, used 262870K [0x0000000080000000, 0x0000000090100000, 0x00000000d5580000)
  object space 263168K, 99% used [0x0000000080000000,0x00000000900b5808,0x0000000090100000)
 Metaspace       used 60923K, committed 62464K, reserved 1114112K
  class space    used 6414K, committed 7104K, reserved 1048576K
}
Event: 20.237 GC heap after
{Heap after GC invocations=236 (full 3):
 PSYoungGen      total 5632K, used 1165K [0x00000000d5580000, 0x00000000d5c80000, 0x0000000100000000)
  eden space 4096K, 0% used [0x00000000d5580000,0x00000000d5580000,0x00000000d5980000)
  from space 1536K, 75% used [0x00000000d5980000,0x00000000d5aa3550,0x00000000d5b00000)
  to   space 1536K, 0% used [0x00000000d5b00000,0x00000000d5b00000,0x00000000d5c80000)
 ParOldGen       total 264192K, used 263748K [0x0000000080000000, 0x0000000090200000, 0x00000000d5580000)
  object space 264192K, 99% used [0x0000000080000000,0x00000000901910e8,0x0000000090200000)
 Metaspace       used 60923K, committed 62464K, reserved 1114112K
  class space    used 6414K, committed 7104K, reserved 1048576K
}
Event: 20.249 GC heap before
{Heap before GC invocations=237 (full 3):
 PSYoungGen      total 5632K, used 5261K [0x00000000d5580000, 0x00000000d5c80000, 0x0000000100000000)
  eden space 4096K, 100% used [0x00000000d5580000,0x00000000d5980000,0x00000000d5980000)
  from space 1536K, 75% used [0x00000000d5980000,0x00000000d5aa3550,0x00000000d5b00000)
  to   space 1536K, 0% used [0x00000000d5b00000,0x00000000d5b00000,0x00000000d5c80000)
 ParOldGen       total 264192K, used 263748K [0x0000000080000000, 0x0000000090200000, 0x00000000d5580000)
  object space 264192K, 99% used [0x0000000080000000,0x00000000901910e8,0x0000000090200000)
 Metaspace       used 60955K, committed 62528K, reserved 1114112K
  class space    used 6418K, committed 7168K, reserved 1048576K
}
Event: 20.251 GC heap after
{Heap after GC invocations=237 (full 3):
 PSYoungGen      total 5632K, used 1118K [0x00000000d5580000, 0x00000000d5c80000, 0x0000000100000000)
  eden space 4096K, 0% used [0x00000000d5580000,0x00000000d5580000,0x00000000d5980000)
  from space 1536K, 72% used [0x00000000d5b00000,0x00000000d5c17a18,0x00000000d5c80000)
  to   space 1536K, 0% used [0x00000000d5980000,0x00000000d5980000,0x00000000d5b00000)
 ParOldGen       total 265216K, used 264735K [0x0000000080000000, 0x0000000090300000, 0x00000000d5580000)
  object space 265216K, 99% used [0x0000000080000000,0x0000000090287f70,0x0000000090300000)
 Metaspace       used 60955K, committed 62528K, reserved 1114112K
  class space    used 6418K, committed 7168K, reserved 1048576K
}
Event: 20.274 GC heap before
{Heap before GC invocations=238 (full 3):
 PSYoungGen      total 5632K, used 5214K [0x00000000d5580000, 0x00000000d5c80000, 0x0000000100000000)
  eden space 4096K, 100% used [0x00000000d5580000,0x00000000d5980000,0x00000000d5980000)
  from space 1536K, 72% used [0x00000000d5b00000,0x00000000d5c17a18,0x00000000d5c80000)
  to   space 1536K, 0% used [0x00000000d5980000,0x00000000d5980000,0x00000000d5b00000)
 ParOldGen       total 265216K, used 264735K [0x0000000080000000, 0x0000000090300000, 0x00000000d5580000)
  object space 265216K, 99% used [0x0000000080000000,0x0000000090287f70,0x0000000090300000)
 Metaspace       used 60969K, committed 62528K, reserved 1114112K
  class space    used 6421K, committed 7168K, reserved 1048576K
}
Event: 20.276 GC heap after
{Heap after GC invocations=238 (full 3):
 PSYoungGen      total 5632K, used 1309K [0x00000000d5580000, 0x00000000d5c80000, 0x0000000100000000)
  eden space 4096K, 0% used [0x00000000d5580000,0x00000000d5580000,0x00000000d5980000)
  from space 1536K, 85% used [0x00000000d5980000,0x00000000d5ac7428,0x00000000d5b00000)
  to   space 1536K, 0% used [0x00000000d5b00000,0x00000000d5b00000,0x00000000d5c80000)
 ParOldGen       total 265728K, used 265664K [0x0000000080000000, 0x0000000090380000, 0x00000000d5580000)
  object space 265728K, 99% used [0x0000000080000000,0x0000000090370280,0x0000000090380000)
 Metaspace       used 60969K, committed 62528K, reserved 1114112K
  class space    used 6421K, committed 7168K, reserved 1048576K
}
Event: 20.300 GC heap before
{Heap before GC invocations=239 (full 3):
 PSYoungGen      total 5632K, used 5405K [0x00000000d5580000, 0x00000000d5c80000, 0x0000000100000000)
  eden space 4096K, 100% used [0x00000000d5580000,0x00000000d5980000,0x00000000d5980000)
  from space 1536K, 85% used [0x00000000d5980000,0x00000000d5ac7428,0x00000000d5b00000)
  to   space 1536K, 0% used [0x00000000d5b00000,0x00000000d5b00000,0x00000000d5c80000)
 ParOldGen       total 265728K, used 265664K [0x0000000080000000, 0x0000000090380000, 0x00000000d5580000)
  object space 265728K, 99% used [0x0000000080000000,0x0000000090370280,0x0000000090380000)
 Metaspace       used 61000K, committed 62592K, reserved 1114112K
  class space    used 6426K, committed 7168K, reserved 1048576K
}
Event: 20.302 GC heap after
{Heap after GC invocations=239 (full 3):
 PSYoungGen      total 5632K, used 1141K [0x00000000d5580000, 0x00000000d5c80000, 0x0000000100000000)
  eden space 4096K, 0% used [0x00000000d5580000,0x00000000d5580000,0x00000000d5980000)
  from space 1536K, 74% used [0x00000000d5b00000,0x00000000d5c1d7b0,0x00000000d5c80000)
  to   space 1536K, 0% used [0x00000000d5980000,0x00000000d5980000,0x00000000d5b00000)
 ParOldGen       total 267264K, used 266773K [0x0000000080000000, 0x0000000090500000, 0x00000000d5580000)
  object space 267264K, 99% used [0x0000000080000000,0x00000000904857c8,0x0000000090500000)
 Metaspace       used 61000K, committed 62592K, reserved 1114112K
  class space    used 6426K, committed 7168K, reserved 1048576K
}
Event: 20.317 GC heap before
{Heap before GC invocations=240 (full 3):
 PSYoungGen      total 5632K, used 5237K [0x00000000d5580000, 0x00000000d5c80000, 0x0000000100000000)
  eden space 4096K, 100% used [0x00000000d5580000,0x00000000d5980000,0x00000000d5980000)
  from space 1536K, 74% used [0x00000000d5b00000,0x00000000d5c1d7b0,0x00000000d5c80000)
  to   space 1536K, 0% used [0x00000000d5980000,0x00000000d5980000,0x00000000d5b00000)
 ParOldGen       total 267264K, used 266773K [0x0000000080000000, 0x0000000090500000, 0x00000000d5580000)
  object space 267264K, 99% used [0x0000000080000000,0x00000000904857c8,0x0000000090500000)
 Metaspace       used 61012K, committed 62592K, reserved 1114112K
  class space    used 6429K, committed 7168K, reserved 1048576K
}

