# JRE version: OpenJDK Runtime Environment Temurin-21.0.8+9 (21.0.8+9) (build 21.0.8+9-LTS)
# Java VM: OpenJDK 64-Bit Server VM Temurin-21.0.8+9 (21.0.8+9-LTS, mixed mode, sharing, tiered, compressed oops, compressed class ptrs, parallel gc, windows-amd64)
GC Precious Log:
 CardTable entry size: 512
 CPUs: 16 total, 16 available
 Memory: 15722M
 Large Page Support: Disabled
 NUMA Support: Disabled
 Compressed Oops: Enabled (32-bit)
 Alignments: Space 512K, Generation 512K, Heap 2M
 Heap Min Capacity: 100M
 Heap Initial Capacity: 100M
 Heap Max Capacity: 2G
 Pre-touch: Disabled
 Parallel Workers: 13
Heap:
 PSYoungGen      total 8704K, used 3196K [0x00000000d5580000, 0x00000000d6000000, 0x0000000100000000)
  eden space 7168K, 23% used [0x00000000d5580000,0x00000000d5724218,0x00000000d5c80000)
  from space 1536K, 98% used [0x00000000d5e80000,0x00000000d5ffaf48,0x00000000d6000000)
  to   space 1536K, 0% used [0x00000000d5d00000,0x00000000d5d00000,0x00000000d5e80000)
 ParOldGen       total 276480K, used 254285K [0x0000000080000000, 0x0000000090e00000, 0x00000000d5580000)
  object space 276480K, 91% used [0x0000000080000000,0x000000008f8537c8,0x0000000090e00000)
 Metaspace       used 58948K, committed 60224K, reserved 1114112K
  class space    used 6202K, committed 6784K, reserved 1048576K
GC Heap History (20 events):
Event: 20.380 GC heap after
{Heap after GC invocations=203 (full 3):
 PSYoungGen      total 7168K, used 1482K [0x00000000d5580000, 0x00000000d5f80000, 0x0000000100000000)
  eden space 5632K, 0% used [0x00000000d5580000,0x00000000d5580000,0x00000000d5b00000)
  from space 1536K, 96% used [0x00000000d5d00000,0x00000000d5e72880,0x00000000d5e80000)
  to   space 2048K, 0% used [0x00000000d5b00000,0x00000000d5b00000,0x00000000d5d00000)
 ParOldGen       total 276480K, used 237963K [0x0000000080000000, 0x0000000090e00000, 0x00000000d5580000)
  object space 276480K, 86% used [0x0000000080000000,0x000000008e862fe0,0x0000000090e00000)
 Metaspace       used 58548K, committed 59840K, reserved 1114112K
  class space    used 6181K, committed 6784K, reserved 1048576K
}
Event: 20.397 GC heap before
{Heap before GC invocations=204 (full 3):
 PSYoungGen      total 7168K, used 7114K [0x00000000d5580000, 0x00000000d5f80000, 0x0000000100000000)
  eden space 5632K, 99% used [0x00000000d5580000,0x00000000d5afffd0,0x00000000d5b00000)
  from space 1536K, 96% used [0x00000000d5d00000,0x00000000d5e72880,0x00000000d5e80000)
  to   space 2048K, 0% used [0x00000000d5b00000,0x00000000d5b00000,0x00000000d5d00000)
 ParOldGen       total 276480K, used 237963K [0x0000000080000000, 0x0000000090e00000, 0x00000000d5580000)
  object space 276480K, 86% used [0x0000000080000000,0x000000008e862fe0,0x0000000090e00000)
 Metaspace       used 58629K, committed 59904K, reserved 1114112K
  class space    used 6182K, committed 6784K, reserved 1048576K
}
Event: 20.398 GC heap after
{Heap after GC invocations=204 (full 3):
 PSYoungGen      total 7680K, used 1586K [0x00000000d5580000, 0x00000000d5f00000, 0x0000000100000000)
  eden space 5632K, 0% used [0x00000000d5580000,0x00000000d5580000,0x00000000d5b00000)
  from space 2048K, 77% used [0x00000000d5b00000,0x00000000d5c8c9a0,0x00000000d5d00000)
  to   space 2048K, 0% used [0x00000000d5d00000,0x00000000d5d00000,0x00000000d5f00000)
 ParOldGen       total 276480K, used 239252K [0x0000000080000000, 0x0000000090e00000, 0x00000000d5580000)
  object space 276480K, 86% used [0x0000000080000000,0x000000008e9a53f0,0x0000000090e00000)
 Metaspace       used 58629K, committed 59904K, reserved 1114112K
  class space    used 6182K, committed 6784K, reserved 1048576K
}
Event: 20.417 GC heap before
{Heap before GC invocations=205 (full 3):
 PSYoungGen      total 7680K, used 7218K [0x00000000d5580000, 0x00000000d5f00000, 0x0000000100000000)
  eden space 5632K, 100% used [0x00000000d5580000,0x00000000d5b00000,0x00000000d5b00000)
  from space 2048K, 77% used [0x00000000d5b00000,0x00000000d5c8c9a0,0x00000000d5d00000)
  to   space 2048K, 0% used [0x00000000d5d00000,0x00000000d5d00000,0x00000000d5f00000)
 ParOldGen       total 276480K, used 239252K [0x0000000080000000, 0x0000000090e00000, 0x00000000d5580000)
  object space 276480K, 86% used [0x0000000080000000,0x000000008e9a53f0,0x0000000090e00000)
 Metaspace       used 58645K, committed 59968K, reserved 1114112K
  class space    used 6182K, committed 6784K, reserved 1048576K
}
Event: 20.419 GC heap after
{Heap after GC invocations=205 (full 3):
 PSYoungGen      total 7680K, used 1539K [0x00000000d5580000, 0x00000000d5f00000, 0x0000000100000000)
  eden space 5632K, 0% used [0x00000000d5580000,0x00000000d5580000,0x00000000d5b00000)
  from space 2048K, 75% used [0x00000000d5d00000,0x00000000d5e80e78,0x00000000d5f00000)
  to   space 2048K, 0% used [0x00000000d5b00000,0x00000000d5b00000,0x00000000d5d00000)
 ParOldGen       total 276480K, used 240595K [0x0000000080000000, 0x0000000090e00000, 0x00000000d5580000)
  object space 276480K, 87% used [0x0000000080000000,0x000000008eaf4f60,0x0000000090e00000)
 Metaspace       used 58645K, committed 59968K, reserved 1114112K
  class space    used 6182K, committed 6784K, reserved 1048576K
}
Event: 20.432 GC heap before
{Heap before GC invocations=206 (full 3):
 PSYoungGen      total 7680K, used 7171K [0x00000000d5580000, 0x00000000d5f00000, 0x0000000100000000)
  eden space 5632K, 100% used [0x00000000d5580000,0x00000000d5b00000,0x00000000d5b00000)
  from space 2048K, 75% used [0x00000000d5d00000,0x00000000d5e80e78,0x00000000d5f00000)
  to   space 2048K, 0% used [0x00000000d5b00000,0x00000000d5b00000,0x00000000d5d00000)
 ParOldGen       total 276480K, used 240595K [0x0000000080000000, 0x0000000090e00000, 0x00000000d5580000)
  object space 276480K, 87% used [0x0000000080000000,0x000000008eaf4f60,0x0000000090e00000)
 Metaspace       used 58680K, committed 59968K, reserved 1114112K
  class space    used 6186K, committed 6784K, reserved 1048576K
}
Event: 20.439 GC heap after
{Heap after GC invocations=206 (full 3):
 PSYoungGen      total 7680K, used 1511K [0x00000000d5580000, 0x00000000d5f80000, 0x0000000100000000)
  eden space 5632K, 0% used [0x00000000d5580000,0x00000000d5580000,0x00000000d5b00000)
  from space 2048K, 73% used [0x00000000d5b00000,0x00000000d5c79eb8,0x00000000d5d00000)
  to   space 1536K, 0% used [0x00000000d5e00000,0x00000000d5e00000,0x00000000d5f80000)
 ParOldGen       total 276480K, used 241893K [0x0000000080000000, 0x0000000090e00000, 0x00000000d5580000)
  object space 276480K, 87% used [0x0000000080000000,0x000000008ec39588,0x0000000090e00000)
 Metaspace       used 58680K, committed 59968K, reserved 1114112K
  class space    used 6186K, committed 6784K, reserved 1048576K
}
Event: 20.455 GC heap before
{Heap before GC invocations=207 (full 3):
 PSYoungGen      total 7680K, used 7143K [0x00000000d5580000, 0x00000000d5f80000, 0x0000000100000000)
  eden space 5632K, 100% used [0x00000000d5580000,0x00000000d5b00000,0x00000000d5b00000)
  from space 2048K, 73% used [0x00000000d5b00000,0x00000000d5c79eb8,0x00000000d5d00000)
  to   space 1536K, 0% used [0x00000000d5e00000,0x00000000d5e00000,0x00000000d5f80000)
 ParOldGen       total 276480K, used 241893K [0x0000000080000000, 0x0000000090e00000, 0x00000000d5580000)
  object space 276480K, 87% used [0x0000000080000000,0x000000008ec39588,0x0000000090e00000)
 Metaspace       used 58718K, committed 60032K, reserved 1114112K
  class space    used 6191K, committed 6784K, reserved 1048576K
}
Event: 20.457 GC heap after
{Heap after GC invocations=207 (full 3):
 PSYoungGen      total 7168K, used 1499K [0x00000000d5580000, 0x00000000d5f80000, 0x0000000100000000)
  eden space 5632K, 0% used [0x00000000d5580000,0x00000000d5580000,0x00000000d5b00000)
  from space 1536K, 97% used [0x00000000d5e00000,0x00000000d5f76df0,0x00000000d5f80000)
  to   space 1536K, 0% used [0x00000000d5c80000,0x00000000d5c80000,0x00000000d5e00000)
 ParOldGen       total 276480K, used 243167K [0x0000000080000000, 0x0000000090e00000, 0x00000000d5580000)
  object space 276480K, 87% used [0x0000000080000000,0x000000008ed77ea0,0x0000000090e00000)
 Metaspace       used 58718K, committed 60032K, reserved 1114112K
  class space    used 6191K, committed 6784K, reserved 1048576K
}
Event: 20.483 GC heap before
{Heap before GC invocations=208 (full 3):
 PSYoungGen      total 7168K, used 7131K [0x00000000d5580000, 0x00000000d5f80000, 0x0000000100000000)
  eden space 5632K, 100% used [0x00000000d5580000,0x00000000d5b00000,0x00000000d5b00000)
  from space 1536K, 97% used [0x00000000d5e00000,0x00000000d5f76df0,0x00000000d5f80000)
  to   space 1536K, 0% used [0x00000000d5c80000,0x00000000d5c80000,0x00000000d5e00000)
 ParOldGen       total 276480K, used 243167K [0x0000000080000000, 0x0000000090e00000, 0x00000000d5580000)
  object space 276480K, 87% used [0x0000000080000000,0x000000008ed77ea0,0x0000000090e00000)
 Metaspace       used 58764K, committed 60032K, reserved 1114112K
  class space    used 6194K, committed 6784K, reserved 1048576K
}
Event: 20.486 GC heap after
{Heap after GC invocations=208 (full 3):
 PSYoungGen      total 7168K, used 1513K [0x00000000d5580000, 0x00000000d5e80000, 0x0000000100000000)
  eden space 5632K, 0% used [0x00000000d5580000,0x00000000d5580000,0x00000000d5b00000)
  from space 1536K, 98% used [0x00000000d5c80000,0x00000000d5dfa410,0x00000000d5e00000)
  to   space 512K, 0% used [0x00000000d5e00000,0x00000000d5e00000,0x00000000d5e80000)
 ParOldGen       total 276480K, used 244491K [0x0000000080000000, 0x0000000090e00000, 0x00000000d5580000)
  object space 276480K, 88% used [0x0000000080000000,0x000000008eec2c68,0x0000000090e00000)
 Metaspace       used 58764K, committed 60032K, reserved 1114112K
  class space    used 6194K, committed 6784K, reserved 1048576K
}
Event: 20.511 GC heap before
{Heap before GC invocations=209 (full 3):
 PSYoungGen      total 7168K, used 7145K [0x00000000d5580000, 0x00000000d5e80000, 0x0000000100000000)
  eden space 5632K, 100% used [0x00000000d5580000,0x00000000d5b00000,0x00000000d5b00000)
  from space 1536K, 98% used [0x00000000d5c80000,0x00000000d5dfa410,0x00000000d5e00000)
  to   space 512K, 0% used [0x00000000d5e00000,0x00000000d5e00000,0x00000000d5e80000)
 ParOldGen       total 276480K, used 244491K [0x0000000080000000, 0x0000000090e00000, 0x00000000d5580000)
  object space 276480K, 88% used [0x0000000080000000,0x000000008eec2c68,0x0000000090e00000)
 Metaspace       used 58807K, committed 60096K, reserved 1114112K
  class space    used 6194K, committed 6784K, reserved 1048576K
}
Event: 20.513 GC heap after
{Heap after GC invocations=209 (full 3):
 PSYoungGen      total 6144K, used 512K [0x00000000d5580000, 0x00000000d6100000, 0x0000000100000000)
  eden space 5632K, 0% used [0x00000000d5580000,0x00000000d5580000,0x00000000d5b00000)
  from space 512K, 100% used [0x00000000d5e00000,0x00000000d5e80000,0x00000000d5e80000)
  to   space 3072K, 0% used [0x00000000d5b00000,0x00000000d5b00000,0x00000000d5e00000)
 ParOldGen       total 276480K, used 246560K [0x0000000080000000, 0x0000000090e00000, 0x00000000d5580000)
  object space 276480K, 89% used [0x0000000080000000,0x000000008f0c8018,0x0000000090e00000)
 Metaspace       used 58807K, committed 60096K, reserved 1114112K
  class space    used 6194K, committed 6784K, reserved 1048576K
}
Event: 20.538 GC heap before
{Heap before GC invocations=210 (full 3):
 PSYoungGen      total 6144K, used 6144K [0x00000000d5580000, 0x00000000d6100000, 0x0000000100000000)
  eden space 5632K, 100% used [0x00000000d5580000,0x00000000d5b00000,0x00000000d5b00000)
  from space 512K, 100% used [0x00000000d5e00000,0x00000000d5e80000,0x00000000d5e80000)
  to   space 3072K, 0% used [0x00000000d5b00000,0x00000000d5b00000,0x00000000d5e00000)
 ParOldGen       total 276480K, used 246560K [0x0000000080000000, 0x0000000090e00000, 0x00000000d5580000)
  object space 276480K, 89% used [0x0000000080000000,0x000000008f0c8018,0x0000000090e00000)
 Metaspace       used 58830K, committed 60160K, reserved 1114112K
  class space    used 6195K, committed 6784K, reserved 1048576K
}
Event: 20.541 GC heap after
{Heap after GC invocations=210 (full 3):
 PSYoungGen      total 7168K, used 1521K [0x00000000d5580000, 0x00000000d5f00000, 0x0000000100000000)
  eden space 5632K, 0% used [0x00000000d5580000,0x00000000d5580000,0x00000000d5b00000)
  from space 1536K, 99% used [0x00000000d5b00000,0x00000000d5c7c4d0,0x00000000d5c80000)
  to   space 2048K, 0% used [0x00000000d5d00000,0x00000000d5d00000,0x00000000d5f00000)
 ParOldGen       total 276480K, used 247092K [0x0000000080000000, 0x0000000090e00000, 0x00000000d5580000)
  object space 276480K, 89% used [0x0000000080000000,0x000000008f14d148,0x0000000090e00000)
 Metaspace       used 58830K, committed 60160K, reserved 1114112K
  class space    used 6195K, committed 6784K, reserved 1048576K
}
Event: 20.569 GC heap before
{Heap before GC invocations=211 (full 3):
 PSYoungGen      total 7168K, used 7153K [0x00000000d5580000, 0x00000000d5f00000, 0x0000000100000000)
  eden space 5632K, 100% used [0x00000000d5580000,0x00000000d5b00000,0x00000000d5b00000)
  from space 1536K, 99% used [0x00000000d5b00000,0x00000000d5c7c4d0,0x00000000d5c80000)
  to   space 2048K, 0% used [0x00000000d5d00000,0x00000000d5d00000,0x00000000d5f00000)
 ParOldGen       total 276480K, used 247092K [0x0000000080000000, 0x0000000090e00000, 0x00000000d5580000)
  object space 276480K, 89% used [0x0000000080000000,0x000000008f14d148,0x0000000090e00000)
 Metaspace       used 58887K, committed 60160K, reserved 1114112K
  class space    used 6196K, committed 6784K, reserved 1048576K
}
Event: 20.571 GC heap after
{Heap after GC invocations=211 (full 3):
 PSYoungGen      total 7168K, used 1416K [0x00000000d5580000, 0x00000000d5e80000, 0x0000000100000000)
  eden space 5632K, 0% used [0x00000000d5580000,0x00000000d5580000,0x00000000d5b00000)
  from space 1536K, 92% used [0x00000000d5d00000,0x00000000d5e621b0,0x00000000d5e80000)
  to   space 1536K, 0% used [0x00000000d5b00000,0x00000000d5b00000,0x00000000d5c80000)
 ParOldGen       total 276480K, used 248378K [0x0000000080000000, 0x0000000090e00000, 0x00000000d5580000)
  object space 276480K, 89% used [0x0000000080000000,0x000000008f28e9f0,0x0000000090e00000)
 Metaspace       used 58887K, committed 60160K, reserved 1114112K
  class space    used 6196K, committed 6784K, reserved 1048576K
}
Event: 21.579 GC heap before
{Heap before GC invocations=212 (full 3):
 PSYoungGen      total 7168K, used 7048K [0x00000000d5580000, 0x00000000d5e80000, 0x0000000100000000)
  eden space 5632K, 100% used [0x00000000d5580000,0x00000000d5b00000,0x00000000d5b00000)
  from space 1536K, 92% used [0x00000000d5d00000,0x00000000d5e621b0,0x00000000d5e80000)
  to   space 1536K, 0% used [0x00000000d5b00000,0x00000000d5b00000,0x00000000d5c80000)
 ParOldGen       total 276480K, used 248378K [0x0000000080000000, 0x0000000090e00000, 0x00000000d5580000)
  object space 276480K, 89% used [0x0000000080000000,0x000000008f28e9f0,0x0000000090e00000)
 Metaspace       used 58888K, committed 60224K, reserved 1114112K
  class space    used 6196K, committed 6784K, reserved 1048576K
}
Event: 22.578 GC heap after
{Heap after GC invocations=212 (full 3):
 PSYoungGen      total 7168K, used 1530K [0x00000000d5580000, 0x00000000d6080000, 0x0000000100000000)
  eden space 5632K, 0% used [0x00000000d5580000,0x00000000d5580000,0x00000000d5b00000)
  from space 1536K, 99% used [0x00000000d5b00000,0x00000000d5c7e808,0x00000000d5c80000)
  to   space 2048K, 0% used [0x00000000d5e80000,0x00000000d5e80000,0x00000000d6080000)
 ParOldGen       total 276480K, used 249523K [0x0000000080000000, 0x0000000090e00000, 0x00000000d5580000)
  object space 276480K, 90% used [0x0000000080000000,0x000000008f3acc98,0x0000000090e00000)
 Metaspace       used 58888K, committed 60224K, reserved 1114112K
  class space    used 6196K, committed 6784K, reserved 1048576K
}
Event: 23.581 GC heap before
{Heap before GC invocations=213 (full 3):
 PSYoungGen      total 7168K, used 7162K [0x00000000d5580000, 0x00000000d6080000, 0x0000000100000000)
  eden space 5632K, 100% used [0x00000000d5580000,0x00000000d5b00000,0x00000000d5b00000)
  from space 1536K, 99% used [0x00000000d5b00000,0x00000000d5c7e808,0x00000000d5c80000)
  to   space 2048K, 0% used [0x00000000d5e80000,0x00000000d5e80000,0x00000000d6080000)
 ParOldGen       total 276480K, used 249523K [0x0000000080000000, 0x0000000090e00000, 0x00000000d5580000)
  object space 276480K, 90% used [0x0000000080000000,0x000000008f3acc98,0x0000000090e00000)
 Metaspace       used 58910K, committed 60224K, reserved 1114112K
  class space    used 6197K, committed 6784K, reserved 1048576K
}

