# JRE version: OpenJDK Runtime Environment Temurin-21.0.8+9 (21.0.8+9) (build 21.0.8+9-LTS)
# Java VM: OpenJDK 64-Bit Server VM Temurin-21.0.8+9 (21.0.8+9-LTS, mixed mode, sharing, tiered, compressed oops, compressed class ptrs, parallel gc, windows-amd64)
GC Precious Log:
 CardTable entry size: 512
 CPUs: 16 total, 16 available
 Memory: 15722M
 Large Page Support: Disabled
 NUMA Support: Disabled
 Compressed Oops: Enabled (32-bit)
 Alignments: Space 512K, Generation 512K, Heap 2M
 Heap Min Capacity: 100M
 Heap Initial Capacity: 100M
 Heap Max Capacity: 2G
 Pre-touch: Disabled
 Parallel Workers: 13
Heap:
 PSYoungGen      total 4096K, used 2385K [0x00000000d5580000, 0x00000000d5a80000, 0x0000000100000000)
  eden space 3072K, 62% used [0x00000000d5580000,0x00000000d575c7c0,0x00000000d5880000)
  from space 1024K, 46% used [0x00000000d5880000,0x00000000d58f8000,0x00000000d5980000)
  to   space 1024K, 0% used [0x00000000d5980000,0x00000000d5980000,0x00000000d5a80000)
 ParOldGen       total 380416K, used 380135K [0x0000000080000000, 0x0000000097380000, 0x00000000d5580000)
  object space 380416K, 99% used [0x0000000080000000,0x0000000097339e40,0x0000000097380000)
 Metaspace       used 69421K, committed 71040K, reserved 1114112K
  class space    used 7218K, committed 7936K, reserved 1048576K
GC Heap History (20 events):
Event: 24.870 GC heap before
{Heap before GC invocations=406 (full 4):
 PSYoungGen      total 3584K, used 3584K [0x00000000d5580000, 0x00000000d5a80000, 0x0000000100000000)
  eden space 3072K, 100% used [0x00000000d5580000,0x00000000d5880000,0x00000000d5880000)
  from space 512K, 100% used [0x00000000d5880000,0x00000000d5900000,0x00000000d5900000)
  to   space 1024K, 0% used [0x00000000d5980000,0x00000000d5980000,0x00000000d5a80000)
 ParOldGen       total 376320K, used 376226K [0x0000000080000000, 0x0000000096f80000, 0x00000000d5580000)
  object space 376320K, 99% used [0x0000000080000000,0x0000000096f688b8,0x0000000096f80000)
 Metaspace       used 69418K, committed 71040K, reserved 1114112K
  class space    used 7218K, committed 7936K, reserved 1048576K
}
Event: 24.872 GC heap after
{Heap after GC invocations=406 (full 4):
 PSYoungGen      total 3584K, used 448K [0x00000000d5580000, 0x00000000d5a00000, 0x0000000100000000)
  eden space 3072K, 0% used [0x00000000d5580000,0x00000000d5580000,0x00000000d5880000)
  from space 512K, 87% used [0x00000000d5980000,0x00000000d59f0000,0x00000000d5a00000)
  to   space 512K, 0% used [0x00000000d5880000,0x00000000d5880000,0x00000000d5900000)
 ParOldGen       total 376832K, used 376562K [0x0000000080000000, 0x0000000097000000, 0x00000000d5580000)
  object space 376832K, 99% used [0x0000000080000000,0x0000000096fbc8b8,0x0000000097000000)
 Metaspace       used 69418K, committed 71040K, reserved 1114112K
  class space    used 7218K, committed 7936K, reserved 1048576K
}
Event: 24.904 GC heap before
{Heap before GC invocations=407 (full 4):
 PSYoungGen      total 3584K, used 3520K [0x00000000d5580000, 0x00000000d5a00000, 0x0000000100000000)
  eden space 3072K, 100% used [0x00000000d5580000,0x00000000d5880000,0x00000000d5880000)
  from space 512K, 87% used [0x00000000d5980000,0x00000000d59f0000,0x00000000d5a00000)
  to   space 512K, 0% used [0x00000000d5880000,0x00000000d5880000,0x00000000d5900000)
 ParOldGen       total 376832K, used 376562K [0x0000000080000000, 0x0000000097000000, 0x00000000d5580000)
  object space 376832K, 99% used [0x0000000080000000,0x0000000096fbc8b8,0x0000000097000000)
 Metaspace       used 69419K, committed 71040K, reserved 1114112K
  class space    used 7218K, committed 7936K, reserved 1048576K
}
Event: 24.905 GC heap after
{Heap after GC invocations=407 (full 4):
 PSYoungGen      total 3584K, used 506K [0x00000000d5580000, 0x00000000d5a80000, 0x0000000100000000)
  eden space 3072K, 0% used [0x00000000d5580000,0x00000000d5580000,0x00000000d5880000)
  from space 512K, 98% used [0x00000000d5880000,0x00000000d58fe9b0,0x00000000d5900000)
  to   space 1024K, 0% used [0x00000000d5980000,0x00000000d5980000,0x00000000d5a80000)
 ParOldGen       total 376832K, used 376754K [0x0000000080000000, 0x0000000097000000, 0x00000000d5580000)
  object space 376832K, 99% used [0x0000000080000000,0x0000000096fec8b8,0x0000000097000000)
 Metaspace       used 69419K, committed 71040K, reserved 1114112K
  class space    used 7218K, committed 7936K, reserved 1048576K
}
Event: 24.959 GC heap before
{Heap before GC invocations=408 (full 4):
 PSYoungGen      total 3584K, used 3578K [0x00000000d5580000, 0x00000000d5a80000, 0x0000000100000000)
  eden space 3072K, 100% used [0x00000000d5580000,0x00000000d5880000,0x00000000d5880000)
  from space 512K, 98% used [0x00000000d5880000,0x00000000d58fe9b0,0x00000000d5900000)
  to   space 1024K, 0% used [0x00000000d5980000,0x00000000d5980000,0x00000000d5a80000)
 ParOldGen       total 376832K, used 376754K [0x0000000080000000, 0x0000000097000000, 0x00000000d5580000)
  object space 376832K, 99% used [0x0000000080000000,0x0000000096fec8b8,0x0000000097000000)
 Metaspace       used 69419K, committed 71040K, reserved 1114112K
  class space    used 7218K, committed 7936K, reserved 1048576K
}
Event: 24.960 GC heap after
{Heap after GC invocations=408 (full 4):
 PSYoungGen      total 3584K, used 480K [0x00000000d5580000, 0x00000000d5a00000, 0x0000000100000000)
  eden space 3072K, 0% used [0x00000000d5580000,0x00000000d5580000,0x00000000d5880000)
  from space 512K, 93% used [0x00000000d5980000,0x00000000d59f8000,0x00000000d5a00000)
  to   space 512K, 0% used [0x00000000d5880000,0x00000000d5880000,0x00000000d5900000)
 ParOldGen       total 377344K, used 376882K [0x0000000080000000, 0x0000000097080000, 0x00000000d5580000)
  object space 377344K, 99% used [0x0000000080000000,0x000000009700c8b8,0x0000000097080000)
 Metaspace       used 69419K, committed 71040K, reserved 1114112K
  class space    used 7218K, committed 7936K, reserved 1048576K
}
Event: 24.967 GC heap before
{Heap before GC invocations=409 (full 4):
 PSYoungGen      total 3584K, used 3552K [0x00000000d5580000, 0x00000000d5a00000, 0x0000000100000000)
  eden space 3072K, 100% used [0x00000000d5580000,0x00000000d5880000,0x00000000d5880000)
  from space 512K, 93% used [0x00000000d5980000,0x00000000d59f8000,0x00000000d5a00000)
  to   space 512K, 0% used [0x00000000d5880000,0x00000000d5880000,0x00000000d5900000)
 ParOldGen       total 377344K, used 376882K [0x0000000080000000, 0x0000000097080000, 0x00000000d5580000)
  object space 377344K, 99% used [0x0000000080000000,0x000000009700c8b8,0x0000000097080000)
 Metaspace       used 69419K, committed 71040K, reserved 1114112K
  class space    used 7218K, committed 7936K, reserved 1048576K
}
Event: 24.968 GC heap after
{Heap after GC invocations=409 (full 4):
 PSYoungGen      total 3584K, used 512K [0x00000000d5580000, 0x00000000d5a80000, 0x0000000100000000)
  eden space 3072K, 0% used [0x00000000d5580000,0x00000000d5580000,0x00000000d5880000)
  from space 512K, 100% used [0x00000000d5880000,0x00000000d5900000,0x00000000d5900000)
  to   space 1024K, 0% used [0x00000000d5980000,0x00000000d5980000,0x00000000d5a80000)
 ParOldGen       total 377344K, used 377181K [0x0000000080000000, 0x0000000097080000, 0x00000000d5580000)
  object space 377344K, 99% used [0x0000000080000000,0x00000000970574a8,0x0000000097080000)
 Metaspace       used 69419K, committed 71040K, reserved 1114112K
  class space    used 7218K, committed 7936K, reserved 1048576K
}
Event: 25.022 GC heap before
{Heap before GC invocations=410 (full 4):
 PSYoungGen      total 3584K, used 3584K [0x00000000d5580000, 0x00000000d5a80000, 0x0000000100000000)
  eden space 3072K, 100% used [0x00000000d5580000,0x00000000d5880000,0x00000000d5880000)
  from space 512K, 100% used [0x00000000d5880000,0x00000000d5900000,0x00000000d5900000)
  to   space 1024K, 0% used [0x00000000d5980000,0x00000000d5980000,0x00000000d5a80000)
 ParOldGen       total 377344K, used 377181K [0x0000000080000000, 0x0000000097080000, 0x00000000d5580000)
  object space 377344K, 99% used [0x0000000080000000,0x00000000970574a8,0x0000000097080000)
 Metaspace       used 69420K, committed 71040K, reserved 1114112K
  class space    used 7218K, committed 7936K, reserved 1048576K
}
Event: 25.023 GC heap after
{Heap after GC invocations=410 (full 4):
 PSYoungGen      total 4096K, used 511K [0x00000000d5580000, 0x00000000d5a80000, 0x0000000100000000)
  eden space 3072K, 0% used [0x00000000d5580000,0x00000000d5580000,0x00000000d5880000)
  from space 1024K, 49% used [0x00000000d5980000,0x00000000d59fff48,0x00000000d5a80000)
  to   space 1024K, 0% used [0x00000000d5880000,0x00000000d5880000,0x00000000d5980000)
 ParOldGen       total 377856K, used 377600K [0x0000000080000000, 0x0000000097100000, 0x00000000d5580000)
  object space 377856K, 99% used [0x0000000080000000,0x00000000970c00b0,0x0000000097100000)
 Metaspace       used 69420K, committed 71040K, reserved 1114112K
  class space    used 7218K, committed 7936K, reserved 1048576K
}
Event: 25.030 GC heap before
{Heap before GC invocations=411 (full 4):
 PSYoungGen      total 4096K, used 3583K [0x00000000d5580000, 0x00000000d5a80000, 0x0000000100000000)
  eden space 3072K, 100% used [0x00000000d5580000,0x00000000d5880000,0x00000000d5880000)
  from space 1024K, 49% used [0x00000000d5980000,0x00000000d59fff48,0x00000000d5a80000)
  to   space 1024K, 0% used [0x00000000d5880000,0x00000000d5880000,0x00000000d5980000)
 ParOldGen       total 377856K, used 377600K [0x0000000080000000, 0x0000000097100000, 0x00000000d5580000)
  object space 377856K, 99% used [0x0000000080000000,0x00000000970c00b0,0x0000000097100000)
 Metaspace       used 69420K, committed 71040K, reserved 1114112K
  class space    used 7218K, committed 7936K, reserved 1048576K
}
Event: 25.031 GC heap after
{Heap after GC invocations=411 (full 4):
 PSYoungGen      total 4096K, used 571K [0x00000000d5580000, 0x00000000d5a80000, 0x0000000100000000)
  eden space 3072K, 0% used [0x00000000d5580000,0x00000000d5580000,0x00000000d5880000)
  from space 1024K, 55% used [0x00000000d5880000,0x00000000d590ec08,0x00000000d5980000)
  to   space 1024K, 0% used [0x00000000d5980000,0x00000000d5980000,0x00000000d5a80000)
 ParOldGen       total 378368K, used 377967K [0x0000000080000000, 0x0000000097180000, 0x00000000d5580000)
  object space 378368K, 99% used [0x0000000080000000,0x000000009711bff8,0x0000000097180000)
 Metaspace       used 69420K, committed 71040K, reserved 1114112K
  class space    used 7218K, committed 7936K, reserved 1048576K
}
Event: 25.039 GC heap before
{Heap before GC invocations=412 (full 4):
 PSYoungGen      total 4096K, used 3636K [0x00000000d5580000, 0x00000000d5a80000, 0x0000000100000000)
  eden space 3072K, 99% used [0x00000000d5580000,0x00000000d587e6c8,0x00000000d5880000)
  from space 1024K, 55% used [0x00000000d5880000,0x00000000d590ec08,0x00000000d5980000)
  to   space 1024K, 0% used [0x00000000d5980000,0x00000000d5980000,0x00000000d5a80000)
 ParOldGen       total 378368K, used 377967K [0x0000000080000000, 0x0000000097180000, 0x00000000d5580000)
  object space 378368K, 99% used [0x0000000080000000,0x000000009711bff8,0x0000000097180000)
 Metaspace       used 69420K, committed 71040K, reserved 1114112K
  class space    used 7218K, committed 7936K, reserved 1048576K
}
Event: 25.041 GC heap after
{Heap after GC invocations=412 (full 4):
 PSYoungGen      total 4096K, used 512K [0x00000000d5580000, 0x00000000d5a80000, 0x0000000100000000)
  eden space 3072K, 0% used [0x00000000d5580000,0x00000000d5580000,0x00000000d5880000)
  from space 1024K, 50% used [0x00000000d5980000,0x00000000d5a00000,0x00000000d5a80000)
  to   space 1024K, 0% used [0x00000000d5880000,0x00000000d5880000,0x00000000d5980000)
 ParOldGen       total 378368K, used 378343K [0x0000000080000000, 0x0000000097180000, 0x00000000d5580000)
  object space 378368K, 99% used [0x0000000080000000,0x0000000097179e08,0x0000000097180000)
 Metaspace       used 69420K, committed 71040K, reserved 1114112K
  class space    used 7218K, committed 7936K, reserved 1048576K
}
Event: 25.051 GC heap before
{Heap before GC invocations=413 (full 4):
 PSYoungGen      total 4096K, used 3584K [0x00000000d5580000, 0x00000000d5a80000, 0x0000000100000000)
  eden space 3072K, 100% used [0x00000000d5580000,0x00000000d5880000,0x00000000d5880000)
  from space 1024K, 50% used [0x00000000d5980000,0x00000000d5a00000,0x00000000d5a80000)
  to   space 1024K, 0% used [0x00000000d5880000,0x00000000d5880000,0x00000000d5980000)
 ParOldGen       total 378368K, used 378343K [0x0000000080000000, 0x0000000097180000, 0x00000000d5580000)
  object space 378368K, 99% used [0x0000000080000000,0x0000000097179e08,0x0000000097180000)
 Metaspace       used 69420K, committed 71040K, reserved 1114112K
  class space    used 7218K, committed 7936K, reserved 1048576K
}
Event: 25.052 GC heap after
{Heap after GC invocations=413 (full 4):
 PSYoungGen      total 4096K, used 566K [0x00000000d5580000, 0x00000000d5a80000, 0x0000000100000000)
  eden space 3072K, 0% used [0x00000000d5580000,0x00000000d5580000,0x00000000d5880000)
  from space 1024K, 55% used [0x00000000d5880000,0x00000000d590d808,0x00000000d5980000)
  to   space 1024K, 0% used [0x00000000d5980000,0x00000000d5980000,0x00000000d5a80000)
 ParOldGen       total 378880K, used 378671K [0x0000000080000000, 0x0000000097200000, 0x00000000d5580000)
  object space 378880K, 99% used [0x0000000080000000,0x00000000971cbe08,0x0000000097200000)
 Metaspace       used 69420K, committed 71040K, reserved 1114112K
  class space    used 7218K, committed 7936K, reserved 1048576K
}
Event: 25.061 GC heap before
{Heap before GC invocations=414 (full 4):
 PSYoungGen      total 4096K, used 3629K [0x00000000d5580000, 0x00000000d5a80000, 0x0000000100000000)
  eden space 3072K, 99% used [0x00000000d5580000,0x00000000d587dd88,0x00000000d5880000)
  from space 1024K, 55% used [0x00000000d5880000,0x00000000d590d808,0x00000000d5980000)
  to   space 1024K, 0% used [0x00000000d5980000,0x00000000d5980000,0x00000000d5a80000)
 ParOldGen       total 378880K, used 378671K [0x0000000080000000, 0x0000000097200000, 0x00000000d5580000)
  object space 378880K, 99% used [0x0000000080000000,0x00000000971cbe08,0x0000000097200000)
 Metaspace       used 69420K, committed 71040K, reserved 1114112K
  class space    used 7218K, committed 7936K, reserved 1048576K
}
Event: 25.063 GC heap after
{Heap after GC invocations=414 (full 4):
 PSYoungGen      total 4096K, used 512K [0x00000000d5580000, 0x00000000d5a80000, 0x0000000100000000)
  eden space 3072K, 0% used [0x00000000d5580000,0x00000000d5580000,0x00000000d5880000)
  from space 1024K, 50% used [0x00000000d5980000,0x00000000d5a00000,0x00000000d5a80000)
  to   space 1024K, 0% used [0x00000000d5880000,0x00000000d5880000,0x00000000d5980000)
 ParOldGen       total 379392K, used 379069K [0x0000000080000000, 0x0000000097280000, 0x00000000d5580000)
  object space 379392K, 99% used [0x0000000080000000,0x000000009722f610,0x0000000097280000)
 Metaspace       used 69420K, committed 71040K, reserved 1114112K
  class space    used 7218K, committed 7936K, reserved 1048576K
}
Event: 25.073 GC heap before
{Heap before GC invocations=415 (full 4):
 PSYoungGen      total 4096K, used 3574K [0x00000000d5580000, 0x00000000d5a80000, 0x0000000100000000)
  eden space 3072K, 99% used [0x00000000d5580000,0x00000000d587d8c8,0x00000000d5880000)
  from space 1024K, 50% used [0x00000000d5980000,0x00000000d5a00000,0x00000000d5a80000)
  to   space 1024K, 0% used [0x00000000d5880000,0x00000000d5880000,0x00000000d5980000)
 ParOldGen       total 379392K, used 379069K [0x0000000080000000, 0x0000000097280000, 0x00000000d5580000)
  object space 379392K, 99% used [0x0000000080000000,0x000000009722f610,0x0000000097280000)
 Metaspace       used 69420K, committed 71040K, reserved 1114112K
  class space    used 7218K, committed 7936K, reserved 1048576K
}
Event: 25.074 GC heap after
{Heap after GC invocations=415 (full 4):
 PSYoungGen      total 4096K, used 800K [0x00000000d5580000, 0x00000000d5a80000, 0x0000000100000000)
  eden space 3072K, 0% used [0x00000000d5580000,0x00000000d5580000,0x00000000d5880000)
  from space 1024K, 78% used [0x00000000d5880000,0x00000000d5948000,0x00000000d5980000)
  to   space 1024K, 0% used [0x00000000d5980000,0x00000000d5980000,0x00000000d5a80000)
 ParOldGen       total 379904K, used 379405K [0x0000000080000000, 0x0000000097300000, 0x00000000d5580000)
  object space 379904K, 99% used [0x0000000080000000,0x0000000097283610,0x0000000097300000)
 Metaspace       used 69420K, committed 71040K, reserved 1114112K
  class space    used 7218K, committed 7936K, reserved 1048576K
}

