# JRE version: OpenJDK Runtime Environment Temurin-21.0.8+9 (21.0.8+9) (build 21.0.8+9-LTS)
# Java VM: OpenJDK 64-Bit Server VM Temurin-21.0.8+9 (21.0.8+9-LTS, mixed mode, sharing, tiered, compressed oops, compressed class ptrs, parallel gc, windows-amd64)
GC Precious Log:
 CardTable entry size: 512
 CPUs: 16 total, 16 available
 Memory: 15722M
 Large Page Support: Disabled
 NUMA Support: Disabled
 Compressed Oops: Enabled (32-bit)
 Alignments: Space 512K, Generation 512K, Heap 2M
 Heap Min Capacity: 100M
 Heap Initial Capacity: 100M
 Heap Max Capacity: 2G
 Pre-touch: Disabled
 Parallel Workers: 13
Heap:
 PSYoungGen      total 5120K, used 4930K [0x00000000d5580000, 0x00000000d5b80000, 0x0000000100000000)
  eden space 4096K, 100% used [0x00000000d5580000,0x00000000d5980000,0x00000000d5980000)
  from space 1024K, 81% used [0x00000000d5a80000,0x00000000d5b50800,0x00000000d5b80000)
  to   space 1024K, 89% used [0x00000000d5980000,0x00000000d5a65ce8,0x00000000d5a80000)
 ParOldGen       total 293888K, used 293887K [0x0000000080000000, 0x0000000091f00000, 0x00000000d5580000)
  object space 293888K, 99% used [0x0000000080000000,0x0000000091efff60,0x0000000091f00000)
 Metaspace       used 58796K, committed 60224K, reserved 1114112K
  class space    used 6202K, committed 6848K, reserved 1048576K
GC Heap History (20 events):
Event: 11.634 GC heap after
{Heap after GC invocations=337 (full 2):
 PSYoungGen      total 4096K, used 925K [0x00000000d5580000, 0x00000000d5a80000, 0x0000000100000000)
  eden space 3072K, 0% used [0x00000000d5580000,0x00000000d5580000,0x00000000d5880000)
  from space 1024K, 90% used [0x00000000d5880000,0x00000000d5967748,0x00000000d5980000)
  to   space 1024K, 0% used [0x00000000d5980000,0x00000000d5980000,0x00000000d5a80000)
 ParOldGen       total 286208K, used 285960K [0x0000000080000000, 0x0000000091780000, 0x00000000d5580000)
  object space 286208K, 99% used [0x0000000080000000,0x00000000917421a0,0x0000000091780000)
 Metaspace       used 58584K, committed 60032K, reserved 1114112K
  class space    used 6191K, committed 6848K, reserved 1048576K
}
Event: 11.642 GC heap before
{Heap before GC invocations=338 (full 2):
 PSYoungGen      total 4096K, used 3908K [0x00000000d5580000, 0x00000000d5a80000, 0x0000000100000000)
  eden space 3072K, 97% used [0x00000000d5580000,0x00000000d5869918,0x00000000d5880000)
  from space 1024K, 90% used [0x00000000d5880000,0x00000000d5967748,0x00000000d5980000)
  to   space 1024K, 0% used [0x00000000d5980000,0x00000000d5980000,0x00000000d5a80000)
 ParOldGen       total 286208K, used 285960K [0x0000000080000000, 0x0000000091780000, 0x00000000d5580000)
  object space 286208K, 99% used [0x0000000080000000,0x00000000917421a0,0x0000000091780000)
 Metaspace       used 58596K, committed 60032K, reserved 1114112K
  class space    used 6191K, committed 6848K, reserved 1048576K
}
Event: 11.644 GC heap after
{Heap after GC invocations=338 (full 2):
 PSYoungGen      total 4096K, used 930K [0x00000000d5580000, 0x00000000d5a80000, 0x0000000100000000)
  eden space 3072K, 0% used [0x00000000d5580000,0x00000000d5580000,0x00000000d5880000)
  from space 1024K, 90% used [0x00000000d5980000,0x00000000d5a68a00,0x00000000d5a80000)
  to   space 1024K, 0% used [0x00000000d5880000,0x00000000d5880000,0x00000000d5980000)
 ParOldGen       total 286720K, used 286658K [0x0000000080000000, 0x0000000091800000, 0x00000000d5580000)
  object space 286720K, 99% used [0x0000000080000000,0x00000000917f0960,0x0000000091800000)
 Metaspace       used 58596K, committed 60032K, reserved 1114112K
  class space    used 6191K, committed 6848K, reserved 1048576K
}
Event: 11.651 GC heap before
{Heap before GC invocations=339 (full 2):
 PSYoungGen      total 4096K, used 3972K [0x00000000d5580000, 0x00000000d5a80000, 0x0000000100000000)
  eden space 3072K, 99% used [0x00000000d5580000,0x00000000d5878880,0x00000000d5880000)
  from space 1024K, 90% used [0x00000000d5980000,0x00000000d5a68a00,0x00000000d5a80000)
  to   space 1024K, 0% used [0x00000000d5880000,0x00000000d5880000,0x00000000d5980000)
 ParOldGen       total 286720K, used 286658K [0x0000000080000000, 0x0000000091800000, 0x00000000d5580000)
  object space 286720K, 99% used [0x0000000080000000,0x00000000917f0960,0x0000000091800000)
 Metaspace       used 58598K, committed 60032K, reserved 1114112K
  class space    used 6191K, committed 6848K, reserved 1048576K
}
Event: 11.653 GC heap after
{Heap after GC invocations=339 (full 2):
 PSYoungGen      total 4096K, used 980K [0x00000000d5580000, 0x00000000d5a80000, 0x0000000100000000)
  eden space 3072K, 0% used [0x00000000d5580000,0x00000000d5580000,0x00000000d5880000)
  from space 1024K, 95% used [0x00000000d5880000,0x00000000d59753e0,0x00000000d5980000)
  to   space 1024K, 0% used [0x00000000d5980000,0x00000000d5980000,0x00000000d5a80000)
 ParOldGen       total 287744K, used 287285K [0x0000000080000000, 0x0000000091900000, 0x00000000d5580000)
  object space 287744K, 99% used [0x0000000080000000,0x000000009188d790,0x0000000091900000)
 Metaspace       used 58598K, committed 60032K, reserved 1114112K
  class space    used 6191K, committed 6848K, reserved 1048576K
}
Event: 11.660 GC heap before
{Heap before GC invocations=340 (full 2):
 PSYoungGen      total 4096K, used 4052K [0x00000000d5580000, 0x00000000d5a80000, 0x0000000100000000)
  eden space 3072K, 99% used [0x00000000d5580000,0x00000000d587fff0,0x00000000d5880000)
  from space 1024K, 95% used [0x00000000d5880000,0x00000000d59753e0,0x00000000d5980000)
  to   space 1024K, 0% used [0x00000000d5980000,0x00000000d5980000,0x00000000d5a80000)
 ParOldGen       total 287744K, used 287285K [0x0000000080000000, 0x0000000091900000, 0x00000000d5580000)
  object space 287744K, 99% used [0x0000000080000000,0x000000009188d790,0x0000000091900000)
 Metaspace       used 58620K, committed 60032K, reserved 1114112K
  class space    used 6191K, committed 6848K, reserved 1048576K
}
Event: 11.661 GC heap after
{Heap after GC invocations=340 (full 2):
 PSYoungGen      total 4096K, used 919K [0x00000000d5580000, 0x00000000d5a80000, 0x0000000100000000)
  eden space 3072K, 0% used [0x00000000d5580000,0x00000000d5580000,0x00000000d5880000)
  from space 1024K, 89% used [0x00000000d5980000,0x00000000d5a65f08,0x00000000d5a80000)
  to   space 1024K, 0% used [0x00000000d5880000,0x00000000d5880000,0x00000000d5980000)
 ParOldGen       total 288256K, used 288049K [0x0000000080000000, 0x0000000091980000, 0x00000000d5580000)
  object space 288256K, 99% used [0x0000000080000000,0x000000009194c4d8,0x0000000091980000)
 Metaspace       used 58620K, committed 60032K, reserved 1114112K
  class space    used 6191K, committed 6848K, reserved 1048576K
}
Event: 11.677 GC heap before
{Heap before GC invocations=341 (full 2):
 PSYoungGen      total 4096K, used 3991K [0x00000000d5580000, 0x00000000d5a80000, 0x0000000100000000)
  eden space 3072K, 100% used [0x00000000d5580000,0x00000000d5880000,0x00000000d5880000)
  from space 1024K, 89% used [0x00000000d5980000,0x00000000d5a65f08,0x00000000d5a80000)
  to   space 1024K, 0% used [0x00000000d5880000,0x00000000d5880000,0x00000000d5980000)
 ParOldGen       total 288256K, used 288049K [0x0000000080000000, 0x0000000091980000, 0x00000000d5580000)
  object space 288256K, 99% used [0x0000000080000000,0x000000009194c4d8,0x0000000091980000)
 Metaspace       used 58678K, committed 60096K, reserved 1114112K
  class space    used 6192K, committed 6848K, reserved 1048576K
}
Event: 11.680 GC heap after
{Heap after GC invocations=341 (full 2):
 PSYoungGen      total 4096K, used 929K [0x00000000d5580000, 0x00000000d5a80000, 0x0000000100000000)
  eden space 3072K, 0% used [0x00000000d5580000,0x00000000d5580000,0x00000000d5880000)
  from space 1024K, 90% used [0x00000000d5880000,0x00000000d5968660,0x00000000d5980000)
  to   space 1024K, 0% used [0x00000000d5980000,0x00000000d5980000,0x00000000d5a80000)
 ParOldGen       total 288768K, used 288743K [0x0000000080000000, 0x0000000091a00000, 0x00000000d5580000)
  object space 288768K, 99% used [0x0000000080000000,0x00000000919f9c40,0x0000000091a00000)
 Metaspace       used 58678K, committed 60096K, reserved 1114112K
  class space    used 6192K, committed 6848K, reserved 1048576K
}
Event: 11.688 GC heap before
{Heap before GC invocations=342 (full 2):
 PSYoungGen      total 4096K, used 4001K [0x00000000d5580000, 0x00000000d5a80000, 0x0000000100000000)
  eden space 3072K, 100% used [0x00000000d5580000,0x00000000d5880000,0x00000000d5880000)
  from space 1024K, 90% used [0x00000000d5880000,0x00000000d5968660,0x00000000d5980000)
  to   space 1024K, 0% used [0x00000000d5980000,0x00000000d5980000,0x00000000d5a80000)
 ParOldGen       total 288768K, used 288743K [0x0000000080000000, 0x0000000091a00000, 0x00000000d5580000)
  object space 288768K, 99% used [0x0000000080000000,0x00000000919f9c40,0x0000000091a00000)
 Metaspace       used 58696K, committed 60096K, reserved 1114112K
  class space    used 6192K, committed 6848K, reserved 1048576K
}
Event: 11.689 GC heap after
{Heap after GC invocations=342 (full 2):
 PSYoungGen      total 4096K, used 861K [0x00000000d5580000, 0x00000000d5a80000, 0x0000000100000000)
  eden space 3072K, 0% used [0x00000000d5580000,0x00000000d5580000,0x00000000d5880000)
  from space 1024K, 84% used [0x00000000d5980000,0x00000000d5a576d8,0x00000000d5a80000)
  to   space 1024K, 0% used [0x00000000d5880000,0x00000000d5880000,0x00000000d5980000)
 ParOldGen       total 289792K, used 289466K [0x0000000080000000, 0x0000000091b00000, 0x00000000d5580000)
  object space 289792K, 99% used [0x0000000080000000,0x0000000091aaeb78,0x0000000091b00000)
 Metaspace       used 58696K, committed 60096K, reserved 1114112K
  class space    used 6192K, committed 6848K, reserved 1048576K
}
Event: 11.695 GC heap before
{Heap before GC invocations=343 (full 2):
 PSYoungGen      total 4096K, used 3933K [0x00000000d5580000, 0x00000000d5a80000, 0x0000000100000000)
  eden space 3072K, 100% used [0x00000000d5580000,0x00000000d5880000,0x00000000d5880000)
  from space 1024K, 84% used [0x00000000d5980000,0x00000000d5a576d8,0x00000000d5a80000)
  to   space 1024K, 0% used [0x00000000d5880000,0x00000000d5880000,0x00000000d5980000)
 ParOldGen       total 289792K, used 289466K [0x0000000080000000, 0x0000000091b00000, 0x00000000d5580000)
  object space 289792K, 99% used [0x0000000080000000,0x0000000091aaeb78,0x0000000091b00000)
 Metaspace       used 58696K, committed 60096K, reserved 1114112K
  class space    used 6192K, committed 6848K, reserved 1048576K
}
Event: 11.701 GC heap after
{Heap after GC invocations=343 (full 2):
 PSYoungGen      total 4096K, used 981K [0x00000000d5580000, 0x00000000d5b80000, 0x0000000100000000)
  eden space 3072K, 0% used [0x00000000d5580000,0x00000000d5580000,0x00000000d5880000)
  from space 1024K, 95% used [0x00000000d5880000,0x00000000d59755d8,0x00000000d5980000)
  to   space 1024K, 0% used [0x00000000d5a80000,0x00000000d5a80000,0x00000000d5b80000)
 ParOldGen       total 290304K, used 290110K [0x0000000080000000, 0x0000000091b80000, 0x00000000d5580000)
  object space 290304K, 99% used [0x0000000080000000,0x0000000091b4f950,0x0000000091b80000)
 Metaspace       used 58696K, committed 60096K, reserved 1114112K
  class space    used 6192K, committed 6848K, reserved 1048576K
}
Event: 11.711 GC heap before
{Heap before GC invocations=344 (full 2):
 PSYoungGen      total 4096K, used 4053K [0x00000000d5580000, 0x00000000d5b80000, 0x0000000100000000)
  eden space 3072K, 100% used [0x00000000d5580000,0x00000000d5880000,0x00000000d5880000)
  from space 1024K, 95% used [0x00000000d5880000,0x00000000d59755d8,0x00000000d5980000)
  to   space 1024K, 0% used [0x00000000d5a80000,0x00000000d5a80000,0x00000000d5b80000)
 ParOldGen       total 290304K, used 290110K [0x0000000080000000, 0x0000000091b80000, 0x00000000d5580000)
  object space 290304K, 99% used [0x0000000080000000,0x0000000091b4f950,0x0000000091b80000)
 Metaspace       used 58712K, committed 60096K, reserved 1114112K
  class space    used 6192K, committed 6848K, reserved 1048576K
}
Event: 11.712 GC heap after
{Heap after GC invocations=344 (full 2):
 PSYoungGen      total 4096K, used 879K [0x00000000d5580000, 0x00000000d5b80000, 0x0000000100000000)
  eden space 3072K, 0% used [0x00000000d5580000,0x00000000d5580000,0x00000000d5880000)
  from space 1024K, 85% used [0x00000000d5a80000,0x00000000d5b5bec8,0x00000000d5b80000)
  to   space 1024K, 0% used [0x00000000d5880000,0x00000000d5880000,0x00000000d5980000)
 ParOldGen       total 290816K, used 290796K [0x0000000080000000, 0x0000000091c00000, 0x00000000d5580000)
  object space 290816K, 99% used [0x0000000080000000,0x0000000091bfb080,0x0000000091c00000)
 Metaspace       used 58712K, committed 60096K, reserved 1114112K
  class space    used 6192K, committed 6848K, reserved 1048576K
}
Event: 11.719 GC heap before
{Heap before GC invocations=345 (full 2):
 PSYoungGen      total 4096K, used 3951K [0x00000000d5580000, 0x00000000d5b80000, 0x0000000100000000)
  eden space 3072K, 100% used [0x00000000d5580000,0x00000000d5880000,0x00000000d5880000)
  from space 1024K, 85% used [0x00000000d5a80000,0x00000000d5b5bec8,0x00000000d5b80000)
  to   space 1024K, 0% used [0x00000000d5880000,0x00000000d5880000,0x00000000d5980000)
 ParOldGen       total 290816K, used 290796K [0x0000000080000000, 0x0000000091c00000, 0x00000000d5580000)
  object space 290816K, 99% used [0x0000000080000000,0x0000000091bfb080,0x0000000091c00000)
 Metaspace       used 58716K, committed 60096K, reserved 1114112K
  class space    used 6196K, committed 6848K, reserved 1048576K
}
Event: 11.720 GC heap after
{Heap after GC invocations=345 (full 2):
 PSYoungGen      total 4096K, used 873K [0x00000000d5580000, 0x00000000d5b00000, 0x0000000100000000)
  eden space 3072K, 0% used [0x00000000d5580000,0x00000000d5580000,0x00000000d5880000)
  from space 1024K, 85% used [0x00000000d5880000,0x00000000d595a488,0x00000000d5980000)
  to   space 1024K, 0% used [0x00000000d5a00000,0x00000000d5a00000,0x00000000d5b00000)
 ParOldGen       total 291840K, used 291443K [0x0000000080000000, 0x0000000091d00000, 0x00000000d5580000)
  object space 291840K, 99% used [0x0000000080000000,0x0000000091c9cf48,0x0000000091d00000)
 Metaspace       used 58716K, committed 60096K, reserved 1114112K
  class space    used 6196K, committed 6848K, reserved 1048576K
}
Event: 11.735 GC heap before
{Heap before GC invocations=346 (full 2):
 PSYoungGen      total 4096K, used 3945K [0x00000000d5580000, 0x00000000d5b00000, 0x0000000100000000)
  eden space 3072K, 100% used [0x00000000d5580000,0x00000000d5880000,0x00000000d5880000)
  from space 1024K, 85% used [0x00000000d5880000,0x00000000d595a488,0x00000000d5980000)
  to   space 1024K, 0% used [0x00000000d5a00000,0x00000000d5a00000,0x00000000d5b00000)
 ParOldGen       total 291840K, used 291443K [0x0000000080000000, 0x0000000091d00000, 0x00000000d5580000)
  object space 291840K, 99% used [0x0000000080000000,0x0000000091c9cf48,0x0000000091d00000)
 Metaspace       used 58719K, committed 60096K, reserved 1114112K
  class space    used 6196K, committed 6848K, reserved 1048576K
}
Event: 11.737 GC heap after
{Heap after GC invocations=346 (full 2):
 PSYoungGen      total 4096K, used 892K [0x00000000d5580000, 0x00000000d5b00000, 0x0000000100000000)
  eden space 3072K, 0% used [0x00000000d5580000,0x00000000d5580000,0x00000000d5880000)
  from space 1024K, 87% used [0x00000000d5a00000,0x00000000d5adf2a8,0x00000000d5b00000)
  to   space 1024K, 0% used [0x00000000d5880000,0x00000000d5880000,0x00000000d5980000)
 ParOldGen       total 292352K, used 292115K [0x0000000080000000, 0x0000000091d80000, 0x00000000d5580000)
  object space 292352K, 99% used [0x0000000080000000,0x0000000091d44f10,0x0000000091d80000)
 Metaspace       used 58719K, committed 60096K, reserved 1114112K
  class space    used 6196K, committed 6848K, reserved 1048576K
}
Event: 11.744 GC heap before
{Heap before GC invocations=347 (full 2):
 PSYoungGen      total 4096K, used 3964K [0x00000000d5580000, 0x00000000d5b00000, 0x0000000100000000)
  eden space 3072K, 100% used [0x00000000d5580000,0x00000000d5880000,0x00000000d5880000)
  from space 1024K, 87% used [0x00000000d5a00000,0x00000000d5adf2a8,0x00000000d5b00000)
  to   space 1024K, 0% used [0x00000000d5880000,0x00000000d5880000,0x00000000d5980000)
 ParOldGen       total 292352K, used 292115K [0x0000000080000000, 0x0000000091d80000, 0x00000000d5580000)
  object space 292352K, 99% used [0x0000000080000000,0x0000000091d44f10,0x0000000091d80000)
 Metaspace       used 58747K, committed 60160K, reserved 1114112K
  class space    used 6196K, committed 6848K, reserved 1048576K
}

